\BOOKMARK [1][-]{section*.1}{\315ndice}{}% 1
\BOOKMARK [1][-]{section.1}{Introduccion}{}% 2
\BOOKMARK [1][-]{section.2}{Planteamiento del problema}{}% 3
\BOOKMARK [2][-]{subsection.2.1}{Antecedentes}{section.2}% 4
\BOOKMARK [2][-]{subsection.2.2}{Justificacion}{section.2}% 5
\BOOKMARK [3][-]{subsubsection.2.2.1}{Situacion sin Proyecto}{subsection.2.2}% 6
\BOOKMARK [3][-]{subsubsection.2.2.2}{Situacion con Proyecto}{subsection.2.2}% 7
\BOOKMARK [1][-]{section.3}{Objetivos}{}% 8
\BOOKMARK [2][-]{subsection.3.1}{Objetivo General}{section.3}% 9
\BOOKMARK [2][-]{subsection.3.2}{Objetivos Especificos}{section.3}% 10
\BOOKMARK [3][-]{subsubsection.3.2.1}{Electronica del proyecto}{subsection.3.2}% 11
\BOOKMARK [3][-]{subsubsection.3.2.2}{Informatica del proyecto}{subsection.3.2}% 12
\BOOKMARK [1][-]{section.4}{Hipotesis}{}% 13
\BOOKMARK [1][-]{section.5}{Novedad y aporte cientifico}{}% 14
\BOOKMARK [1][-]{section.6}{Desarrolo del proyecto}{}% 15
\BOOKMARK [2][-]{subsection.6.1}{Sitio Web}{section.6}% 16
\BOOKMARK [2][-]{subsection.6.2}{Firmware}{section.6}% 17
\BOOKMARK [2][-]{subsection.6.3}{Componetes Electronicos}{section.6}% 18
\BOOKMARK [1][-]{section.7}{Metodologias y fuentes}{}% 19
\BOOKMARK [1][-]{section.8}{Conclusiones y Recomendaciones}{}% 20
\BOOKMARK [1][-]{section.9}{Bibliografia}{}% 21
\BOOKMARK [1][-]{section*.2}{Referencias}{}% 22
